The target system is: Generic -  - 
The host system is: Linux - 5.8.0-44-generic - x86_64
Compiling the C compiler identification source file "CMakeCCompilerId.c" succeeded.
Compiler: /home/jernejn/.espressif/tools/xtensa-esp32-elf/1.22.0-80-g6c4433a-5.2.0/xtensa-esp32-elf/bin/xtensa-esp32-elf-gcc 
Build flags: -mlongcalls
Id flags: -c 

The output was:
0


Compilation of the C compiler identification source "CMakeCCompilerId.c" produced "CMakeCCompilerId.o"

The C compiler identification is GNU, found in "/home/jernejn/build/freertos_hello_world/build/bootloader/CMakeFiles/3.16.3/CompilerIdC/CMakeCCompilerId.o"

Compiling the CXX compiler identification source file "CMakeCXXCompilerId.cpp" succeeded.
Compiler: /home/jernejn/.espressif/tools/xtensa-esp32-elf/1.22.0-80-g6c4433a-5.2.0/xtensa-esp32-elf/bin/xtensa-esp32-elf-g++ 
Build flags: -mlongcalls
Id flags: -c 

The output was:
0


Compilation of the CXX compiler identification source "CMakeCXXCompilerId.cpp" produced "CMakeCXXCompilerId.o"

The CXX compiler identification is GNU, found in "/home/jernejn/build/freertos_hello_world/build/bootloader/CMakeFiles/3.16.3/CompilerIdCXX/CMakeCXXCompilerId.o"

Checking whether the ASM compiler is GNU using "--version" matched "(GNU assembler)|(GCC)|(Free Software Foundation)":
xtensa-esp32-elf-gcc (crosstool-NG crosstool-ng-1.22.0-80-g6c4433a) 5.2.0
Copyright (C) 2015 Free Software Foundation, Inc.
This is free software; see the source for copying conditions.  There is NO
warranty; not even for MERCHANTABILITY or FITNESS FOR A PARTICULAR PURPOSE.

Determining if the C compiler works passed with the following output:
Change Dir: /home/jernejn/build/freertos_hello_world/build/bootloader/CMakeFiles/CMakeTmp

Run Build Command(s):/usr/bin/ninja cmTC_1b19f && [1/2] Building C object CMakeFiles/cmTC_1b19f.dir/testCCompiler.c.obj
[2/2] Linking C executable cmTC_1b19f
/home/jernejn/.espressif/tools/xtensa-esp32-elf/1.22.0-80-g6c4433a-5.2.0/xtensa-esp32-elf/bin/../lib/gcc/xtensa-esp32-elf/5.2.0/../../../../xtensa-esp32-elf/bin/ld: warning: cannot find entry symbol _start; defaulting to 0000000000400054



Detecting C compiler ABI info compiled with the following output:
Change Dir: /home/jernejn/build/freertos_hello_world/build/bootloader/CMakeFiles/CMakeTmp

Run Build Command(s):/usr/bin/ninja cmTC_64aad && [1/2] Building C object CMakeFiles/cmTC_64aad.dir/CMakeCCompilerABI.c.obj
Using built-in specs.
COLLECT_GCC=/home/jernejn/.espressif/tools/xtensa-esp32-elf/1.22.0-80-g6c4433a-5.2.0/xtensa-esp32-elf/bin/xtensa-esp32-elf-gcc
Target: xtensa-esp32-elf
Configured with: /builds/idf/crosstool-NG/.build/src/gcc-5.2.0/configure --build=x86_64-build_pc-linux-gnu --host=x86_64-build_pc-linux-gnu --target=xtensa-esp32-elf --prefix=/builds/idf/crosstool-NG/builds/xtensa-esp32-elf --with-local-prefix=/builds/idf/crosstool-NG/builds/xtensa-esp32-elf/xtensa-esp32-elf/sysroot --with-sysroot=/builds/idf/crosstool-NG/builds/xtensa-esp32-elf/xtensa-esp32-elf/sysroot --with-newlib --enable-threads=no --disable-shared --with-pkgversion='crosstool-NG crosstool-ng-1.22.0-80-g6c4433a' --disable-__cxa_atexit --enable-cxx-flags='-fno-rtti -ffunction-sections' --with-gmp=/builds/idf/crosstool-NG/.build/xtensa-esp32-elf/buildtools --with-mpfr=/builds/idf/crosstool-NG/.build/xtensa-esp32-elf/buildtools --with-mpc=/builds/idf/crosstool-NG/.build/xtensa-esp32-elf/buildtools --with-isl=/builds/idf/crosstool-NG/.build/xtensa-esp32-elf/buildtools --with-cloog=/builds/idf/crosstool-NG/.build/xtensa-esp32-elf/buildtools --with-libelf=/builds/idf/crosstool-NG/.build/xtensa-esp32-elf/buildtools --enable-lto --enable-target-optspace --without-long-double-128 --disable-libgomp --disable-libmudflap --disable-libssp --disable-libquadmath --disable-libquadmath-support --disable-nls --enable-languages=c,c++ --disable-libstdcxx-verbose --enable-threads=posix --enable-gcov-custom-rtio
Thread model: posix
gcc version 5.2.0 (crosstool-NG crosstool-ng-1.22.0-80-g6c4433a) 
COLLECT_GCC_OPTIONS='-mlongcalls' '-v' '-o' 'CMakeFiles/cmTC_64aad.dir/CMakeCCompilerABI.c.obj' '-c'
 /home/jernejn/.espressif/tools/xtensa-esp32-elf/1.22.0-80-g6c4433a-5.2.0/xtensa-esp32-elf/bin/../libexec/gcc/xtensa-esp32-elf/5.2.0/cc1 -quiet -v -iprefix /home/jernejn/.espressif/tools/xtensa-esp32-elf/1.22.0-80-g6c4433a-5.2.0/xtensa-esp32-elf/bin/../lib/gcc/xtensa-esp32-elf/5.2.0/ -isysroot /home/jernejn/.espressif/tools/xtensa-esp32-elf/1.22.0-80-g6c4433a-5.2.0/xtensa-esp32-elf/bin/../xtensa-esp32-elf/sysroot /usr/share/cmake-3.16/Modules/CMakeCCompilerABI.c -quiet -dumpbase CMakeCCompilerABI.c -mlongcalls -auxbase-strip CMakeFiles/cmTC_64aad.dir/CMakeCCompilerABI.c.obj -version -o /tmp/ccpuISos.s
GNU C11 (crosstool-NG crosstool-ng-1.22.0-80-g6c4433a) version 5.2.0 (xtensa-esp32-elf)
	compiled by GNU C version 4.9.2, GMP version 6.0.0, MPFR version 3.1.3, MPC version 1.0.3
GGC heuristics: --param ggc-min-expand=100 --param ggc-min-heapsize=131072
ignoring duplicate directory "/home/jernejn/.espressif/tools/xtensa-esp32-elf/1.22.0-80-g6c4433a-5.2.0/xtensa-esp32-elf/bin/../lib/gcc/../../lib/gcc/xtensa-esp32-elf/5.2.0/include"
ignoring nonexistent directory "/home/jernejn/.espressif/tools/xtensa-esp32-elf/1.22.0-80-g6c4433a-5.2.0/xtensa-esp32-elf/bin/../xtensa-esp32-elf/sysroot/builds/idf/crosstool-NG/builds/xtensa-esp32-elf/xtensa-esp32-elf/sysroot/include"
ignoring duplicate directory "/home/jernejn/.espressif/tools/xtensa-esp32-elf/1.22.0-80-g6c4433a-5.2.0/xtensa-esp32-elf/bin/../lib/gcc/../../lib/gcc/xtensa-esp32-elf/5.2.0/include-fixed"
ignoring duplicate directory "/home/jernejn/.espressif/tools/xtensa-esp32-elf/1.22.0-80-g6c4433a-5.2.0/xtensa-esp32-elf/bin/../lib/gcc/../../lib/gcc/xtensa-esp32-elf/5.2.0/../../../../xtensa-esp32-elf/include"
#include "..." search starts here:
#include <...> search starts here:
 /home/jernejn/.espressif/tools/xtensa-esp32-elf/1.22.0-80-g6c4433a-5.2.0/xtensa-esp32-elf/bin/../lib/gcc/xtensa-esp32-elf/5.2.0/include
 /home/jernejn/.espressif/tools/xtensa-esp32-elf/1.22.0-80-g6c4433a-5.2.0/xtensa-esp32-elf/bin/../lib/gcc/xtensa-esp32-elf/5.2.0/include-fixed
 /home/jernejn/.espressif/tools/xtensa-esp32-elf/1.22.0-80-g6c4433a-5.2.0/xtensa-esp32-elf/bin/../lib/gcc/xtensa-esp32-elf/5.2.0/../../../../xtensa-esp32-elf/include
 /home/jernejn/.espressif/tools/xtensa-esp32-elf/1.22.0-80-g6c4433a-5.2.0/xtensa-esp32-elf/bin/../xtensa-esp32-elf/sysroot/usr/include
End of search list.
GNU C11 (crosstool-NG crosstool-ng-1.22.0-80-g6c4433a) version 5.2.0 (xtensa-esp32-elf)
	compiled by GNU C version 4.9.2, GMP version 6.0.0, MPFR version 3.1.3, MPC version 1.0.3
GGC heuristics: --param ggc-min-expand=100 --param ggc-min-heapsize=131072
Compiler executable checksum: 154c35ad02094324fe3e85fa93494152
COLLECT_GCC_OPTIONS='-mlongcalls' '-v' '-o' 'CMakeFiles/cmTC_64aad.dir/CMakeCCompilerABI.c.obj' '-c'
 /home/jernejn/.espressif/tools/xtensa-esp32-elf/1.22.0-80-g6c4433a-5.2.0/xtensa-esp32-elf/bin/../lib/gcc/xtensa-esp32-elf/5.2.0/../../../../xtensa-esp32-elf/bin/as --traditional-format --longcalls -o CMakeFiles/cmTC_64aad.dir/CMakeCCompilerABI.c.obj /tmp/ccpuISos.s
COMPILER_PATH=/home/jernejn/.espressif/tools/xtensa-esp32-elf/1.22.0-80-g6c4433a-5.2.0/xtensa-esp32-elf/bin/../libexec/gcc/xtensa-esp32-elf/5.2.0/:/home/jernejn/.espressif/tools/xtensa-esp32-elf/1.22.0-80-g6c4433a-5.2.0/xtensa-esp32-elf/bin/../libexec/gcc/:/home/jernejn/.espressif/tools/xtensa-esp32-elf/1.22.0-80-g6c4433a-5.2.0/xtensa-esp32-elf/bin/../lib/gcc/xtensa-esp32-elf/5.2.0/../../../../xtensa-esp32-elf/bin/
LIBRARY_PATH=/home/jernejn/.espressif/tools/xtensa-esp32-elf/1.22.0-80-g6c4433a-5.2.0/xtensa-esp32-elf/bin/../lib/gcc/xtensa-esp32-elf/5.2.0/:/home/jernejn/.espressif/tools/xtensa-esp32-elf/1.22.0-80-g6c4433a-5.2.0/xtensa-esp32-elf/bin/../lib/gcc/:/home/jernejn/.espressif/tools/xtensa-esp32-elf/1.22.0-80-g6c4433a-5.2.0/xtensa-esp32-elf/bin/../lib/gcc/xtensa-esp32-elf/5.2.0/../../../../xtensa-esp32-elf/lib/:/home/jernejn/.espressif/tools/xtensa-esp32-elf/1.22.0-80-g6c4433a-5.2.0/xtensa-esp32-elf/bin/../xtensa-esp32-elf/sysroot/lib/:/home/jernejn/.espressif/tools/xtensa-esp32-elf/1.22.0-80-g6c4433a-5.2.0/xtensa-esp32-elf/bin/../xtensa-esp32-elf/sysroot/usr/lib/
COLLECT_GCC_OPTIONS='-mlongcalls' '-v' '-o' 'CMakeFiles/cmTC_64aad.dir/CMakeCCompilerABI.c.obj' '-c'
[2/2] Linking C executable cmTC_64aad
Using built-in specs.
COLLECT_GCC=/home/jernejn/.espressif/tools/xtensa-esp32-elf/1.22.0-80-g6c4433a-5.2.0/xtensa-esp32-elf/bin/xtensa-esp32-elf-gcc
COLLECT_LTO_WRAPPER=/home/jernejn/.espressif/tools/xtensa-esp32-elf/1.22.0-80-g6c4433a-5.2.0/xtensa-esp32-elf/bin/../libexec/gcc/xtensa-esp32-elf/5.2.0/lto-wrapper
Target: xtensa-esp32-elf
Configured with: /builds/idf/crosstool-NG/.build/src/gcc-5.2.0/configure --build=x86_64-build_pc-linux-gnu --host=x86_64-build_pc-linux-gnu --target=xtensa-esp32-elf --prefix=/builds/idf/crosstool-NG/builds/xtensa-esp32-elf --with-local-prefix=/builds/idf/crosstool-NG/builds/xtensa-esp32-elf/xtensa-esp32-elf/sysroot --with-sysroot=/builds/idf/crosstool-NG/builds/xtensa-esp32-elf/xtensa-esp32-elf/sysroot --with-newlib --enable-threads=no --disable-shared --with-pkgversion='crosstool-NG crosstool-ng-1.22.0-80-g6c4433a' --disable-__cxa_atexit --enable-cxx-flags='-fno-rtti -ffunction-sections' --with-gmp=/builds/idf/crosstool-NG/.build/xtensa-esp32-elf/buildtools --with-mpfr=/builds/idf/crosstool-NG/.build/xtensa-esp32-elf/buildtools --with-mpc=/builds/idf/crosstool-NG/.build/xtensa-esp32-elf/buildtools --with-isl=/builds/idf/crosstool-NG/.build/xtensa-esp32-elf/buildtools --with-cloog=/builds/idf/crosstool-NG/.build/xtensa-esp32-elf/buildtools --with-libelf=/builds/idf/crosstool-NG/.build/xtensa-esp32-elf/buildtools --enable-lto --enable-target-optspace --without-long-double-128 --disable-libgomp --disable-libmudflap --disable-libssp --disable-libquadmath --disable-libquadmath-support --disable-nls --enable-languages=c,c++ --disable-libstdcxx-verbose --enable-threads=posix --enable-gcov-custom-rtio
Thread model: posix
gcc version 5.2.0 (crosstool-NG crosstool-ng-1.22.0-80-g6c4433a) 
COMPILER_PATH=/home/jernejn/.espressif/tools/xtensa-esp32-elf/1.22.0-80-g6c4433a-5.2.0/xtensa-esp32-elf/bin/../libexec/gcc/xtensa-esp32-elf/5.2.0/:/home/jernejn/.espressif/tools/xtensa-esp32-elf/1.22.0-80-g6c4433a-5.2.0/xtensa-esp32-elf/bin/../libexec/gcc/:/home/jernejn/.espressif/tools/xtensa-esp32-elf/1.22.0-80-g6c4433a-5.2.0/xtensa-esp32-elf/bin/../lib/gcc/xtensa-esp32-elf/5.2.0/../../../../xtensa-esp32-elf/bin/
LIBRARY_PATH=/home/jernejn/.espressif/tools/xtensa-esp32-elf/1.22.0-80-g6c4433a-5.2.0/xtensa-esp32-elf/bin/../lib/gcc/xtensa-esp32-elf/5.2.0/:/home/jernejn/.espressif/tools/xtensa-esp32-elf/1.22.0-80-g6c4433a-5.2.0/xtensa-esp32-elf/bin/../lib/gcc/:/home/jernejn/.espressif/tools/xtensa-esp32-elf/1.22.0-80-g6c4433a-5.2.0/xtensa-esp32-elf/bin/../lib/gcc/xtensa-esp32-elf/5.2.0/../../../../xtensa-esp32-elf/lib/:/home/jernejn/.espressif/tools/xtensa-esp32-elf/1.22.0-80-g6c4433a-5.2.0/xtensa-esp32-elf/bin/../xtensa-esp32-elf/sysroot/lib/:/home/jernejn/.espressif/tools/xtensa-esp32-elf/1.22.0-80-g6c4433a-5.2.0/xtensa-esp32-elf/bin/../xtensa-esp32-elf/sysroot/usr/lib/
COLLECT_GCC_OPTIONS='-mlongcalls' '-nostdlib' '-v' '-o' 'cmTC_64aad'
 /home/jernejn/.espressif/tools/xtensa-esp32-elf/1.22.0-80-g6c4433a-5.2.0/xtensa-esp32-elf/bin/../libexec/gcc/xtensa-esp32-elf/5.2.0/collect2 -plugin /home/jernejn/.espressif/tools/xtensa-esp32-elf/1.22.0-80-g6c4433a-5.2.0/xtensa-esp32-elf/bin/../libexec/gcc/xtensa-esp32-elf/5.2.0/liblto_plugin.so -plugin-opt=/home/jernejn/.espressif/tools/xtensa-esp32-elf/1.22.0-80-g6c4433a-5.2.0/xtensa-esp32-elf/bin/../libexec/gcc/xtensa-esp32-elf/5.2.0/lto-wrapper -plugin-opt=-fresolution=/tmp/cceHCumN.res --sysroot=/home/jernejn/.espressif/tools/xtensa-esp32-elf/1.22.0-80-g6c4433a-5.2.0/xtensa-esp32-elf/bin/../xtensa-esp32-elf/sysroot -o cmTC_64aad -L/home/jernejn/.espressif/tools/xtensa-esp32-elf/1.22.0-80-g6c4433a-5.2.0/xtensa-esp32-elf/bin/../lib/gcc/xtensa-esp32-elf/5.2.0 -L/home/jernejn/.espressif/tools/xtensa-esp32-elf/1.22.0-80-g6c4433a-5.2.0/xtensa-esp32-elf/bin/../lib/gcc -L/home/jernejn/.espressif/tools/xtensa-esp32-elf/1.22.0-80-g6c4433a-5.2.0/xtensa-esp32-elf/bin/../lib/gcc/xtensa-esp32-elf/5.2.0/../../../../xtensa-esp32-elf/lib -L/home/jernejn/.espressif/tools/xtensa-esp32-elf/1.22.0-80-g6c4433a-5.2.0/xtensa-esp32-elf/bin/../xtensa-esp32-elf/sysroot/lib -L/home/jernejn/.espressif/tools/xtensa-esp32-elf/1.22.0-80-g6c4433a-5.2.0/xtensa-esp32-elf/bin/../xtensa-esp32-elf/sysroot/usr/lib CMakeFiles/cmTC_64aad.dir/CMakeCCompilerABI.c.obj
/home/jernejn/.espressif/tools/xtensa-esp32-elf/1.22.0-80-g6c4433a-5.2.0/xtensa-esp32-elf/bin/../lib/gcc/xtensa-esp32-elf/5.2.0/../../../../xtensa-esp32-elf/bin/ld: warning: cannot find entry symbol _start; defaulting to 0000000000400074



Parsed C implicit include dir info from above output: rv=done
  found start of include info
  found start of implicit include info
    add: [/home/jernejn/.espressif/tools/xtensa-esp32-elf/1.22.0-80-g6c4433a-5.2.0/xtensa-esp32-elf/bin/../lib/gcc/xtensa-esp32-elf/5.2.0/include]
    add: [/home/jernejn/.espressif/tools/xtensa-esp32-elf/1.22.0-80-g6c4433a-5.2.0/xtensa-esp32-elf/bin/../lib/gcc/xtensa-esp32-elf/5.2.0/include-fixed]
    add: [/home/jernejn/.espressif/tools/xtensa-esp32-elf/1.22.0-80-g6c4433a-5.2.0/xtensa-esp32-elf/bin/../lib/gcc/xtensa-esp32-elf/5.2.0/../../../../xtensa-esp32-elf/include]
    add: [/home/jernejn/.espressif/tools/xtensa-esp32-elf/1.22.0-80-g6c4433a-5.2.0/xtensa-esp32-elf/bin/../xtensa-esp32-elf/sysroot/usr/include]
  end of search list found
  collapse include dir [/home/jernejn/.espressif/tools/xtensa-esp32-elf/1.22.0-80-g6c4433a-5.2.0/xtensa-esp32-elf/bin/../lib/gcc/xtensa-esp32-elf/5.2.0/include] ==> [/home/jernejn/.espressif/tools/xtensa-esp32-elf/1.22.0-80-g6c4433a-5.2.0/xtensa-esp32-elf/lib/gcc/xtensa-esp32-elf/5.2.0/include]
  collapse include dir [/home/jernejn/.espressif/tools/xtensa-esp32-elf/1.22.0-80-g6c4433a-5.2.0/xtensa-esp32-elf/bin/../lib/gcc/xtensa-esp32-elf/5.2.0/include-fixed] ==> [/home/jernejn/.espressif/tools/xtensa-esp32-elf/1.22.0-80-g6c4433a-5.2.0/xtensa-esp32-elf/lib/gcc/xtensa-esp32-elf/5.2.0/include-fixed]
  collapse include dir [/home/jernejn/.espressif/tools/xtensa-esp32-elf/1.22.0-80-g6c4433a-5.2.0/xtensa-esp32-elf/bin/../lib/gcc/xtensa-esp32-elf/5.2.0/../../../../xtensa-esp32-elf/include] ==> [/home/jernejn/.espressif/tools/xtensa-esp32-elf/1.22.0-80-g6c4433a-5.2.0/xtensa-esp32-elf/xtensa-esp32-elf/include]
  collapse include dir [/home/jernejn/.espressif/tools/xtensa-esp32-elf/1.22.0-80-g6c4433a-5.2.0/xtensa-esp32-elf/bin/../xtensa-esp32-elf/sysroot/usr/include] ==> [/home/jernejn/.espressif/tools/xtensa-esp32-elf/1.22.0-80-g6c4433a-5.2.0/xtensa-esp32-elf/xtensa-esp32-elf/sysroot/usr/include]
  implicit include dirs: [/home/jernejn/.espressif/tools/xtensa-esp32-elf/1.22.0-80-g6c4433a-5.2.0/xtensa-esp32-elf/lib/gcc/xtensa-esp32-elf/5.2.0/include;/home/jernejn/.espressif/tools/xtensa-esp32-elf/1.22.0-80-g6c4433a-5.2.0/xtensa-esp32-elf/lib/gcc/xtensa-esp32-elf/5.2.0/include-fixed;/home/jernejn/.espressif/tools/xtensa-esp32-elf/1.22.0-80-g6c4433a-5.2.0/xtensa-esp32-elf/xtensa-esp32-elf/include;/home/jernejn/.espressif/tools/xtensa-esp32-elf/1.22.0-80-g6c4433a-5.2.0/xtensa-esp32-elf/xtensa-esp32-elf/sysroot/usr/include]


Parsed C implicit link information from above output:
  link line regex: [^( *|.*[/\])(xtensa-esp32-elf-ld|CMAKE_LINK_STARTFILE-NOTFOUND|([^/\]+-)?ld|collect2)[^/\]*( |$)]
  ignore line: [Change Dir: /home/jernejn/build/freertos_hello_world/build/bootloader/CMakeFiles/CMakeTmp]
  ignore line: []
  ignore line: [Run Build Command(s):/usr/bin/ninja cmTC_64aad && [1/2] Building C object CMakeFiles/cmTC_64aad.dir/CMakeCCompilerABI.c.obj]
  ignore line: [Using built-in specs.]
  ignore line: [COLLECT_GCC=/home/jernejn/.espressif/tools/xtensa-esp32-elf/1.22.0-80-g6c4433a-5.2.0/xtensa-esp32-elf/bin/xtensa-esp32-elf-gcc]
  ignore line: [Target: xtensa-esp32-elf]
  ignore line: [Configured with: /builds/idf/crosstool-NG/.build/src/gcc-5.2.0/configure --build=x86_64-build_pc-linux-gnu --host=x86_64-build_pc-linux-gnu --target=xtensa-esp32-elf --prefix=/builds/idf/crosstool-NG/builds/xtensa-esp32-elf --with-local-prefix=/builds/idf/crosstool-NG/builds/xtensa-esp32-elf/xtensa-esp32-elf/sysroot --with-sysroot=/builds/idf/crosstool-NG/builds/xtensa-esp32-elf/xtensa-esp32-elf/sysroot --with-newlib --enable-threads=no --disable-shared --with-pkgversion='crosstool-NG crosstool-ng-1.22.0-80-g6c4433a' --disable-__cxa_atexit --enable-cxx-flags='-fno-rtti -ffunction-sections' --with-gmp=/builds/idf/crosstool-NG/.build/xtensa-esp32-elf/buildtools --with-mpfr=/builds/idf/crosstool-NG/.build/xtensa-esp32-elf/buildtools --with-mpc=/builds/idf/crosstool-NG/.build/xtensa-esp32-elf/buildtools --with-isl=/builds/idf/crosstool-NG/.build/xtensa-esp32-elf/buildtools --with-cloog=/builds/idf/crosstool-NG/.build/xtensa-esp32-elf/buildtools --with-libelf=/builds/idf/crosstool-NG/.build/xtensa-esp32-elf/buildtools --enable-lto --enable-target-optspace --without-long-double-128 --disable-libgomp --disable-libmudflap --disable-libssp --disable-libquadmath --disable-libquadmath-support --disable-nls --enable-languages=c c++ --disable-libstdcxx-verbose --enable-threads=posix --enable-gcov-custom-rtio]
  ignore line: [Thread model: posix]
  ignore line: [gcc version 5.2.0 (crosstool-NG crosstool-ng-1.22.0-80-g6c4433a) ]
  ignore line: [COLLECT_GCC_OPTIONS='-mlongcalls' '-v' '-o' 'CMakeFiles/cmTC_64aad.dir/CMakeCCompilerABI.c.obj' '-c']
  ignore line: [ /home/jernejn/.espressif/tools/xtensa-esp32-elf/1.22.0-80-g6c4433a-5.2.0/xtensa-esp32-elf/bin/../libexec/gcc/xtensa-esp32-elf/5.2.0/cc1 -quiet -v -iprefix /home/jernejn/.espressif/tools/xtensa-esp32-elf/1.22.0-80-g6c4433a-5.2.0/xtensa-esp32-elf/bin/../lib/gcc/xtensa-esp32-elf/5.2.0/ -isysroot /home/jernejn/.espressif/tools/xtensa-esp32-elf/1.22.0-80-g6c4433a-5.2.0/xtensa-esp32-elf/bin/../xtensa-esp32-elf/sysroot /usr/share/cmake-3.16/Modules/CMakeCCompilerABI.c -quiet -dumpbase CMakeCCompilerABI.c -mlongcalls -auxbase-strip CMakeFiles/cmTC_64aad.dir/CMakeCCompilerABI.c.obj -version -o /tmp/ccpuISos.s]
  ignore line: [GNU C11 (crosstool-NG crosstool-ng-1.22.0-80-g6c4433a) version 5.2.0 (xtensa-esp32-elf)]
  ignore line: [	compiled by GNU C version 4.9.2  GMP version 6.0.0  MPFR version 3.1.3  MPC version 1.0.3]
  ignore line: [GGC heuristics: --param ggc-min-expand=100 --param ggc-min-heapsize=131072]
  ignore line: [ignoring duplicate directory "/home/jernejn/.espressif/tools/xtensa-esp32-elf/1.22.0-80-g6c4433a-5.2.0/xtensa-esp32-elf/bin/../lib/gcc/../../lib/gcc/xtensa-esp32-elf/5.2.0/include"]
  ignore line: [ignoring nonexistent directory "/home/jernejn/.espressif/tools/xtensa-esp32-elf/1.22.0-80-g6c4433a-5.2.0/xtensa-esp32-elf/bin/../xtensa-esp32-elf/sysroot/builds/idf/crosstool-NG/builds/xtensa-esp32-elf/xtensa-esp32-elf/sysroot/include"]
  ignore line: [ignoring duplicate directory "/home/jernejn/.espressif/tools/xtensa-esp32-elf/1.22.0-80-g6c4433a-5.2.0/xtensa-esp32-elf/bin/../lib/gcc/../../lib/gcc/xtensa-esp32-elf/5.2.0/include-fixed"]
  ignore line: [ignoring duplicate directory "/home/jernejn/.espressif/tools/xtensa-esp32-elf/1.22.0-80-g6c4433a-5.2.0/xtensa-esp32-elf/bin/../lib/gcc/../../lib/gcc/xtensa-esp32-elf/5.2.0/../../../../xtensa-esp32-elf/include"]
  ignore line: [#include "..." search starts here:]
  ignore line: [#include <...> search starts here:]
  ignore line: [ /home/jernejn/.espressif/tools/xtensa-esp32-elf/1.22.0-80-g6c4433a-5.2.0/xtensa-esp32-elf/bin/../lib/gcc/xtensa-esp32-elf/5.2.0/include]
  ignore line: [ /home/jernejn/.espressif/tools/xtensa-esp32-elf/1.22.0-80-g6c4433a-5.2.0/xtensa-esp32-elf/bin/../lib/gcc/xtensa-esp32-elf/5.2.0/include-fixed]
  ignore line: [ /home/jernejn/.espressif/tools/xtensa-esp32-elf/1.22.0-80-g6c4433a-5.2.0/xtensa-esp32-elf/bin/../lib/gcc/xtensa-esp32-elf/5.2.0/../../../../xtensa-esp32-elf/include]
  ignore line: [ /home/jernejn/.espressif/tools/xtensa-esp32-elf/1.22.0-80-g6c4433a-5.2.0/xtensa-esp32-elf/bin/../xtensa-esp32-elf/sysroot/usr/include]
  ignore line: [End of search list.]
  ignore line: [GNU C11 (crosstool-NG crosstool-ng-1.22.0-80-g6c4433a) version 5.2.0 (xtensa-esp32-elf)]
  ignore line: [	compiled by GNU C version 4.9.2  GMP version 6.0.0  MPFR version 3.1.3  MPC version 1.0.3]
  ignore line: [GGC heuristics: --param ggc-min-expand=100 --param ggc-min-heapsize=131072]
  ignore line: [Compiler executable checksum: 154c35ad02094324fe3e85fa93494152]
  ignore line: [COLLECT_GCC_OPTIONS='-mlongcalls' '-v' '-o' 'CMakeFiles/cmTC_64aad.dir/CMakeCCompilerABI.c.obj' '-c']
  ignore line: [ /home/jernejn/.espressif/tools/xtensa-esp32-elf/1.22.0-80-g6c4433a-5.2.0/xtensa-esp32-elf/bin/../lib/gcc/xtensa-esp32-elf/5.2.0/../../../../xtensa-esp32-elf/bin/as --traditional-format --longcalls -o CMakeFiles/cmTC_64aad.dir/CMakeCCompilerABI.c.obj /tmp/ccpuISos.s]
  ignore line: [COMPILER_PATH=/home/jernejn/.espressif/tools/xtensa-esp32-elf/1.22.0-80-g6c4433a-5.2.0/xtensa-esp32-elf/bin/../libexec/gcc/xtensa-esp32-elf/5.2.0/:/home/jernejn/.espressif/tools/xtensa-esp32-elf/1.22.0-80-g6c4433a-5.2.0/xtensa-esp32-elf/bin/../libexec/gcc/:/home/jernejn/.espressif/tools/xtensa-esp32-elf/1.22.0-80-g6c4433a-5.2.0/xtensa-esp32-elf/bin/../lib/gcc/xtensa-esp32-elf/5.2.0/../../../../xtensa-esp32-elf/bin/]
  ignore line: [LIBRARY_PATH=/home/jernejn/.espressif/tools/xtensa-esp32-elf/1.22.0-80-g6c4433a-5.2.0/xtensa-esp32-elf/bin/../lib/gcc/xtensa-esp32-elf/5.2.0/:/home/jernejn/.espressif/tools/xtensa-esp32-elf/1.22.0-80-g6c4433a-5.2.0/xtensa-esp32-elf/bin/../lib/gcc/:/home/jernejn/.espressif/tools/xtensa-esp32-elf/1.22.0-80-g6c4433a-5.2.0/xtensa-esp32-elf/bin/../lib/gcc/xtensa-esp32-elf/5.2.0/../../../../xtensa-esp32-elf/lib/:/home/jernejn/.espressif/tools/xtensa-esp32-elf/1.22.0-80-g6c4433a-5.2.0/xtensa-esp32-elf/bin/../xtensa-esp32-elf/sysroot/lib/:/home/jernejn/.espressif/tools/xtensa-esp32-elf/1.22.0-80-g6c4433a-5.2.0/xtensa-esp32-elf/bin/../xtensa-esp32-elf/sysroot/usr/lib/]
  ignore line: [COLLECT_GCC_OPTIONS='-mlongcalls' '-v' '-o' 'CMakeFiles/cmTC_64aad.dir/CMakeCCompilerABI.c.obj' '-c']
  ignore line: [[2/2] Linking C executable cmTC_64aad]
  ignore line: [Using built-in specs.]
  ignore line: [COLLECT_GCC=/home/jernejn/.espressif/tools/xtensa-esp32-elf/1.22.0-80-g6c4433a-5.2.0/xtensa-esp32-elf/bin/xtensa-esp32-elf-gcc]
  ignore line: [COLLECT_LTO_WRAPPER=/home/jernejn/.espressif/tools/xtensa-esp32-elf/1.22.0-80-g6c4433a-5.2.0/xtensa-esp32-elf/bin/../libexec/gcc/xtensa-esp32-elf/5.2.0/lto-wrapper]
  ignore line: [Target: xtensa-esp32-elf]
  ignore line: [Configured with: /builds/idf/crosstool-NG/.build/src/gcc-5.2.0/configure --build=x86_64-build_pc-linux-gnu --host=x86_64-build_pc-linux-gnu --target=xtensa-esp32-elf --prefix=/builds/idf/crosstool-NG/builds/xtensa-esp32-elf --with-local-prefix=/builds/idf/crosstool-NG/builds/xtensa-esp32-elf/xtensa-esp32-elf/sysroot --with-sysroot=/builds/idf/crosstool-NG/builds/xtensa-esp32-elf/xtensa-esp32-elf/sysroot --with-newlib --enable-threads=no --disable-shared --with-pkgversion='crosstool-NG crosstool-ng-1.22.0-80-g6c4433a' --disable-__cxa_atexit --enable-cxx-flags='-fno-rtti -ffunction-sections' --with-gmp=/builds/idf/crosstool-NG/.build/xtensa-esp32-elf/buildtools --with-mpfr=/builds/idf/crosstool-NG/.build/xtensa-esp32-elf/buildtools --with-mpc=/builds/idf/crosstool-NG/.build/xtensa-esp32-elf/buildtools --with-isl=/builds/idf/crosstool-NG/.build/xtensa-esp32-elf/buildtools --with-cloog=/builds/idf/crosstool-NG/.build/xtensa-esp32-elf/buildtools --with-libelf=/builds/idf/crosstool-NG/.build/xtensa-esp32-elf/buildtools --enable-lto --enable-target-optspace --without-long-double-128 --disable-libgomp --disable-libmudflap --disable-libssp --disable-libquadmath --disable-libquadmath-support --disable-nls --enable-languages=c c++ --disable-libstdcxx-verbose --enable-threads=posix --enable-gcov-custom-rtio]
  ignore line: [Thread model: posix]
  ignore line: [gcc version 5.2.0 (crosstool-NG crosstool-ng-1.22.0-80-g6c4433a) ]
  ignore line: [COMPILER_PATH=/home/jernejn/.espressif/tools/xtensa-esp32-elf/1.22.0-80-g6c4433a-5.2.0/xtensa-esp32-elf/bin/../libexec/gcc/xtensa-esp32-elf/5.2.0/:/home/jernejn/.espressif/tools/xtensa-esp32-elf/1.22.0-80-g6c4433a-5.2.0/xtensa-esp32-elf/bin/../libexec/gcc/:/home/jernejn/.espressif/tools/xtensa-esp32-elf/1.22.0-80-g6c4433a-5.2.0/xtensa-esp32-elf/bin/../lib/gcc/xtensa-esp32-elf/5.2.0/../../../../xtensa-esp32-elf/bin/]
  ignore line: [LIBRARY_PATH=/home/jernejn/.espressif/tools/xtensa-esp32-elf/1.22.0-80-g6c4433a-5.2.0/xtensa-esp32-elf/bin/../lib/gcc/xtensa-esp32-elf/5.2.0/:/home/jernejn/.espressif/tools/xtensa-esp32-elf/1.22.0-80-g6c4433a-5.2.0/xtensa-esp32-elf/bin/../lib/gcc/:/home/jernejn/.espressif/tools/xtensa-esp32-elf/1.22.0-80-g6c4433a-5.2.0/xtensa-esp32-elf/bin/../lib/gcc/xtensa-esp32-elf/5.2.0/../../../../xtensa-esp32-elf/lib/:/home/jernejn/.espressif/tools/xtensa-esp32-elf/1.22.0-80-g6c4433a-5.2.0/xtensa-esp32-elf/bin/../xtensa-esp32-elf/sysroot/lib/:/home/jernejn/.espressif/tools/xtensa-esp32-elf/1.22.0-80-g6c4433a-5.2.0/xtensa-esp32-elf/bin/../xtensa-esp32-elf/sysroot/usr/lib/]
  ignore line: [COLLECT_GCC_OPTIONS='-mlongcalls' '-nostdlib' '-v' '-o' 'cmTC_64aad']
  link line: [ /home/jernejn/.espressif/tools/xtensa-esp32-elf/1.22.0-80-g6c4433a-5.2.0/xtensa-esp32-elf/bin/../libexec/gcc/xtensa-esp32-elf/5.2.0/collect2 -plugin /home/jernejn/.espressif/tools/xtensa-esp32-elf/1.22.0-80-g6c4433a-5.2.0/xtensa-esp32-elf/bin/../libexec/gcc/xtensa-esp32-elf/5.2.0/liblto_plugin.so -plugin-opt=/home/jernejn/.espressif/tools/xtensa-esp32-elf/1.22.0-80-g6c4433a-5.2.0/xtensa-esp32-elf/bin/../libexec/gcc/xtensa-esp32-elf/5.2.0/lto-wrapper -plugin-opt=-fresolution=/tmp/cceHCumN.res --sysroot=/home/jernejn/.espressif/tools/xtensa-esp32-elf/1.22.0-80-g6c4433a-5.2.0/xtensa-esp32-elf/bin/../xtensa-esp32-elf/sysroot -o cmTC_64aad -L/home/jernejn/.espressif/tools/xtensa-esp32-elf/1.22.0-80-g6c4433a-5.2.0/xtensa-esp32-elf/bin/../lib/gcc/xtensa-esp32-elf/5.2.0 -L/home/jernejn/.espressif/tools/xtensa-esp32-elf/1.22.0-80-g6c4433a-5.2.0/xtensa-esp32-elf/bin/../lib/gcc -L/home/jernejn/.espressif/tools/xtensa-esp32-elf/1.22.0-80-g6c4433a-5.2.0/xtensa-esp32-elf/bin/../lib/gcc/xtensa-esp32-elf/5.2.0/../../../../xtensa-esp32-elf/lib -L/home/jernejn/.espressif/tools/xtensa-esp32-elf/1.22.0-80-g6c4433a-5.2.0/xtensa-esp32-elf/bin/../xtensa-esp32-elf/sysroot/lib -L/home/jernejn/.espressif/tools/xtensa-esp32-elf/1.22.0-80-g6c4433a-5.2.0/xtensa-esp32-elf/bin/../xtensa-esp32-elf/sysroot/usr/lib CMakeFiles/cmTC_64aad.dir/CMakeCCompilerABI.c.obj]
    arg [/home/jernejn/.espressif/tools/xtensa-esp32-elf/1.22.0-80-g6c4433a-5.2.0/xtensa-esp32-elf/bin/../libexec/gcc/xtensa-esp32-elf/5.2.0/collect2] ==> ignore
    arg [-plugin] ==> ignore
    arg [/home/jernejn/.espressif/tools/xtensa-esp32-elf/1.22.0-80-g6c4433a-5.2.0/xtensa-esp32-elf/bin/../libexec/gcc/xtensa-esp32-elf/5.2.0/liblto_plugin.so] ==> ignore
    arg [-plugin-opt=/home/jernejn/.espressif/tools/xtensa-esp32-elf/1.22.0-80-g6c4433a-5.2.0/xtensa-esp32-elf/bin/../libexec/gcc/xtensa-esp32-elf/5.2.0/lto-wrapper] ==> ignore
    arg [-plugin-opt=-fresolution=/tmp/cceHCumN.res] ==> ignore
    arg [--sysroot=/home/jernejn/.espressif/tools/xtensa-esp32-elf/1.22.0-80-g6c4433a-5.2.0/xtensa-esp32-elf/bin/../xtensa-esp32-elf/sysroot] ==> ignore
    arg [-o] ==> ignore
    arg [cmTC_64aad] ==> ignore
    arg [-L/home/jernejn/.espressif/tools/xtensa-esp32-elf/1.22.0-80-g6c4433a-5.2.0/xtensa-esp32-elf/bin/../lib/gcc/xtensa-esp32-elf/5.2.0] ==> dir [/home/jernejn/.espressif/tools/xtensa-esp32-elf/1.22.0-80-g6c4433a-5.2.0/xtensa-esp32-elf/bin/../lib/gcc/xtensa-esp32-elf/5.2.0]
    arg [-L/home/jernejn/.espressif/tools/xtensa-esp32-elf/1.22.0-80-g6c4433a-5.2.0/xtensa-esp32-elf/bin/../lib/gcc] ==> dir [/home/jernejn/.espressif/tools/xtensa-esp32-elf/1.22.0-80-g6c4433a-5.2.0/xtensa-esp32-elf/bin/../lib/gcc]
    arg [-L/home/jernejn/.espressif/tools/xtensa-esp32-elf/1.22.0-80-g6c4433a-5.2.0/xtensa-esp32-elf/bin/../lib/gcc/xtensa-esp32-elf/5.2.0/../../../../xtensa-esp32-elf/lib] ==> dir [/home/jernejn/.espressif/tools/xtensa-esp32-elf/1.22.0-80-g6c4433a-5.2.0/xtensa-esp32-elf/bin/../lib/gcc/xtensa-esp32-elf/5.2.0/../../../../xtensa-esp32-elf/lib]
    arg [-L/home/jernejn/.espressif/tools/xtensa-esp32-elf/1.22.0-80-g6c4433a-5.2.0/xtensa-esp32-elf/bin/../xtensa-esp32-elf/sysroot/lib] ==> dir [/home/jernejn/.espressif/tools/xtensa-esp32-elf/1.22.0-80-g6c4433a-5.2.0/xtensa-esp32-elf/bin/../xtensa-esp32-elf/sysroot/lib]
    arg [-L/home/jernejn/.espressif/tools/xtensa-esp32-elf/1.22.0-80-g6c4433a-5.2.0/xtensa-esp32-elf/bin/../xtensa-esp32-elf/sysroot/usr/lib] ==> dir [/home/jernejn/.espressif/tools/xtensa-esp32-elf/1.22.0-80-g6c4433a-5.2.0/xtensa-esp32-elf/bin/../xtensa-esp32-elf/sysroot/usr/lib]
    arg [CMakeFiles/cmTC_64aad.dir/CMakeCCompilerABI.c.obj] ==> ignore
  collapse library dir [/home/jernejn/.espressif/tools/xtensa-esp32-elf/1.22.0-80-g6c4433a-5.2.0/xtensa-esp32-elf/bin/../lib/gcc/xtensa-esp32-elf/5.2.0] ==> [/home/jernejn/.espressif/tools/xtensa-esp32-elf/1.22.0-80-g6c4433a-5.2.0/xtensa-esp32-elf/lib/gcc/xtensa-esp32-elf/5.2.0]
  collapse library dir [/home/jernejn/.espressif/tools/xtensa-esp32-elf/1.22.0-80-g6c4433a-5.2.0/xtensa-esp32-elf/bin/../lib/gcc] ==> [/home/jernejn/.espressif/tools/xtensa-esp32-elf/1.22.0-80-g6c4433a-5.2.0/xtensa-esp32-elf/lib/gcc]
  collapse library dir [/home/jernejn/.espressif/tools/xtensa-esp32-elf/1.22.0-80-g6c4433a-5.2.0/xtensa-esp32-elf/bin/../lib/gcc/xtensa-esp32-elf/5.2.0/../../../../xtensa-esp32-elf/lib] ==> [/home/jernejn/.espressif/tools/xtensa-esp32-elf/1.22.0-80-g6c4433a-5.2.0/xtensa-esp32-elf/xtensa-esp32-elf/lib]
  collapse library dir [/home/jernejn/.espressif/tools/xtensa-esp32-elf/1.22.0-80-g6c4433a-5.2.0/xtensa-esp32-elf/bin/../xtensa-esp32-elf/sysroot/lib] ==> [/home/jernejn/.espressif/tools/xtensa-esp32-elf/1.22.0-80-g6c4433a-5.2.0/xtensa-esp32-elf/xtensa-esp32-elf/sysroot/lib]
  collapse library dir [/home/jernejn/.espressif/tools/xtensa-esp32-elf/1.22.0-80-g6c4433a-5.2.0/xtensa-esp32-elf/bin/../xtensa-esp32-elf/sysroot/usr/lib] ==> [/home/jernejn/.espressif/tools/xtensa-esp32-elf/1.22.0-80-g6c4433a-5.2.0/xtensa-esp32-elf/xtensa-esp32-elf/sysroot/usr/lib]
  implicit libs: []
  implicit dirs: [/home/jernejn/.espressif/tools/xtensa-esp32-elf/1.22.0-80-g6c4433a-5.2.0/xtensa-esp32-elf/lib/gcc/xtensa-esp32-elf/5.2.0;/home/jernejn/.espressif/tools/xtensa-esp32-elf/1.22.0-80-g6c4433a-5.2.0/xtensa-esp32-elf/lib/gcc;/home/jernejn/.espressif/tools/xtensa-esp32-elf/1.22.0-80-g6c4433a-5.2.0/xtensa-esp32-elf/xtensa-esp32-elf/lib;/home/jernejn/.espressif/tools/xtensa-esp32-elf/1.22.0-80-g6c4433a-5.2.0/xtensa-esp32-elf/xtensa-esp32-elf/sysroot/lib;/home/jernejn/.espressif/tools/xtensa-esp32-elf/1.22.0-80-g6c4433a-5.2.0/xtensa-esp32-elf/xtensa-esp32-elf/sysroot/usr/lib]
  implicit fwks: []


Determining if the CXX compiler works passed with the following output:
Change Dir: /home/jernejn/build/freertos_hello_world/build/bootloader/CMakeFiles/CMakeTmp

Run Build Command(s):/usr/bin/ninja cmTC_e7596 && [1/2] Building CXX object CMakeFiles/cmTC_e7596.dir/testCXXCompiler.cxx.obj
[2/2] Linking CXX executable cmTC_e7596
/home/jernejn/.espressif/tools/xtensa-esp32-elf/1.22.0-80-g6c4433a-5.2.0/xtensa-esp32-elf/bin/../lib/gcc/xtensa-esp32-elf/5.2.0/../../../../xtensa-esp32-elf/bin/ld: warning: cannot find entry symbol _start; defaulting to 0000000000400054



Detecting CXX compiler ABI info compiled with the following output:
Change Dir: /home/jernejn/build/freertos_hello_world/build/bootloader/CMakeFiles/CMakeTmp

Run Build Command(s):/usr/bin/ninja cmTC_7c374 && [1/2] Building CXX object CMakeFiles/cmTC_7c374.dir/CMakeCXXCompilerABI.cpp.obj
Using built-in specs.
COLLECT_GCC=/home/jernejn/.espressif/tools/xtensa-esp32-elf/1.22.0-80-g6c4433a-5.2.0/xtensa-esp32-elf/bin/xtensa-esp32-elf-g++
Target: xtensa-esp32-elf
Configured with: /builds/idf/crosstool-NG/.build/src/gcc-5.2.0/configure --build=x86_64-build_pc-linux-gnu --host=x86_64-build_pc-linux-gnu --target=xtensa-esp32-elf --prefix=/builds/idf/crosstool-NG/builds/xtensa-esp32-elf --with-local-prefix=/builds/idf/crosstool-NG/builds/xtensa-esp32-elf/xtensa-esp32-elf/sysroot --with-sysroot=/builds/idf/crosstool-NG/builds/xtensa-esp32-elf/xtensa-esp32-elf/sysroot --with-newlib --enable-threads=no --disable-shared --with-pkgversion='crosstool-NG crosstool-ng-1.22.0-80-g6c4433a' --disable-__cxa_atexit --enable-cxx-flags='-fno-rtti -ffunction-sections' --with-gmp=/builds/idf/crosstool-NG/.build/xtensa-esp32-elf/buildtools --with-mpfr=/builds/idf/crosstool-NG/.build/xtensa-esp32-elf/buildtools --with-mpc=/builds/idf/crosstool-NG/.build/xtensa-esp32-elf/buildtools --with-isl=/builds/idf/crosstool-NG/.build/xtensa-esp32-elf/buildtools --with-cloog=/builds/idf/crosstool-NG/.build/xtensa-esp32-elf/buildtools --with-libelf=/builds/idf/crosstool-NG/.build/xtensa-esp32-elf/buildtools --enable-lto --enable-target-optspace --without-long-double-128 --disable-libgomp --disable-libmudflap --disable-libssp --disable-libquadmath --disable-libquadmath-support --disable-nls --enable-languages=c,c++ --disable-libstdcxx-verbose --enable-threads=posix --enable-gcov-custom-rtio
Thread model: posix
gcc version 5.2.0 (crosstool-NG crosstool-ng-1.22.0-80-g6c4433a) 
COLLECT_GCC_OPTIONS='-mlongcalls' '-v' '-o' 'CMakeFiles/cmTC_7c374.dir/CMakeCXXCompilerABI.cpp.obj' '-c'
 /home/jernejn/.espressif/tools/xtensa-esp32-elf/1.22.0-80-g6c4433a-5.2.0/xtensa-esp32-elf/bin/../libexec/gcc/xtensa-esp32-elf/5.2.0/cc1plus -quiet -v -iprefix /home/jernejn/.espressif/tools/xtensa-esp32-elf/1.22.0-80-g6c4433a-5.2.0/xtensa-esp32-elf/bin/../lib/gcc/xtensa-esp32-elf/5.2.0/ -isysroot /home/jernejn/.espressif/tools/xtensa-esp32-elf/1.22.0-80-g6c4433a-5.2.0/xtensa-esp32-elf/bin/../xtensa-esp32-elf/sysroot /usr/share/cmake-3.16/Modules/CMakeCXXCompilerABI.cpp -quiet -dumpbase CMakeCXXCompilerABI.cpp -mlongcalls -auxbase-strip CMakeFiles/cmTC_7c374.dir/CMakeCXXCompilerABI.cpp.obj -version -o /tmp/ccrEW0ir.s
GNU C++ (crosstool-NG crosstool-ng-1.22.0-80-g6c4433a) version 5.2.0 (xtensa-esp32-elf)
	compiled by GNU C version 4.9.2, GMP version 6.0.0, MPFR version 3.1.3, MPC version 1.0.3
GGC heuristics: --param ggc-min-expand=100 --param ggc-min-heapsize=131072
ignoring duplicate directory "/home/jernejn/.espressif/tools/xtensa-esp32-elf/1.22.0-80-g6c4433a-5.2.0/xtensa-esp32-elf/bin/../lib/gcc/../../lib/gcc/xtensa-esp32-elf/5.2.0/../../../../xtensa-esp32-elf/include/c++/5.2.0"
ignoring duplicate directory "/home/jernejn/.espressif/tools/xtensa-esp32-elf/1.22.0-80-g6c4433a-5.2.0/xtensa-esp32-elf/bin/../lib/gcc/../../lib/gcc/xtensa-esp32-elf/5.2.0/../../../../xtensa-esp32-elf/include/c++/5.2.0/xtensa-esp32-elf"
ignoring duplicate directory "/home/jernejn/.espressif/tools/xtensa-esp32-elf/1.22.0-80-g6c4433a-5.2.0/xtensa-esp32-elf/bin/../lib/gcc/../../lib/gcc/xtensa-esp32-elf/5.2.0/../../../../xtensa-esp32-elf/include/c++/5.2.0/backward"
ignoring duplicate directory "/home/jernejn/.espressif/tools/xtensa-esp32-elf/1.22.0-80-g6c4433a-5.2.0/xtensa-esp32-elf/bin/../lib/gcc/../../lib/gcc/xtensa-esp32-elf/5.2.0/include"
ignoring nonexistent directory "/home/jernejn/.espressif/tools/xtensa-esp32-elf/1.22.0-80-g6c4433a-5.2.0/xtensa-esp32-elf/bin/../xtensa-esp32-elf/sysroot/builds/idf/crosstool-NG/builds/xtensa-esp32-elf/xtensa-esp32-elf/sysroot/include"
ignoring duplicate directory "/home/jernejn/.espressif/tools/xtensa-esp32-elf/1.22.0-80-g6c4433a-5.2.0/xtensa-esp32-elf/bin/../lib/gcc/../../lib/gcc/xtensa-esp32-elf/5.2.0/include-fixed"
ignoring duplicate directory "/home/jernejn/.espressif/tools/xtensa-esp32-elf/1.22.0-80-g6c4433a-5.2.0/xtensa-esp32-elf/bin/../lib/gcc/../../lib/gcc/xtensa-esp32-elf/5.2.0/../../../../xtensa-esp32-elf/include"
#include "..." search starts here:
#include <...> search starts here:
 /home/jernejn/.espressif/tools/xtensa-esp32-elf/1.22.0-80-g6c4433a-5.2.0/xtensa-esp32-elf/bin/../lib/gcc/xtensa-esp32-elf/5.2.0/../../../../xtensa-esp32-elf/include/c++/5.2.0
 /home/jernejn/.espressif/tools/xtensa-esp32-elf/1.22.0-80-g6c4433a-5.2.0/xtensa-esp32-elf/bin/../lib/gcc/xtensa-esp32-elf/5.2.0/../../../../xtensa-esp32-elf/include/c++/5.2.0/xtensa-esp32-elf
 /home/jernejn/.espressif/tools/xtensa-esp32-elf/1.22.0-80-g6c4433a-5.2.0/xtensa-esp32-elf/bin/../lib/gcc/xtensa-esp32-elf/5.2.0/../../../../xtensa-esp32-elf/include/c++/5.2.0/backward
 /home/jernejn/.espressif/tools/xtensa-esp32-elf/1.22.0-80-g6c4433a-5.2.0/xtensa-esp32-elf/bin/../lib/gcc/xtensa-esp32-elf/5.2.0/include
 /home/jernejn/.espressif/tools/xtensa-esp32-elf/1.22.0-80-g6c4433a-5.2.0/xtensa-esp32-elf/bin/../lib/gcc/xtensa-esp32-elf/5.2.0/include-fixed
 /home/jernejn/.espressif/tools/xtensa-esp32-elf/1.22.0-80-g6c4433a-5.2.0/xtensa-esp32-elf/bin/../lib/gcc/xtensa-esp32-elf/5.2.0/../../../../xtensa-esp32-elf/include
 /home/jernejn/.espressif/tools/xtensa-esp32-elf/1.22.0-80-g6c4433a-5.2.0/xtensa-esp32-elf/bin/../xtensa-esp32-elf/sysroot/usr/include
End of search list.
GNU C++ (crosstool-NG crosstool-ng-1.22.0-80-g6c4433a) version 5.2.0 (xtensa-esp32-elf)
	compiled by GNU C version 4.9.2, GMP version 6.0.0, MPFR version 3.1.3, MPC version 1.0.3
GGC heuristics: --param ggc-min-expand=100 --param ggc-min-heapsize=131072
Compiler executable checksum: 54f8622c0ed50a6f9cdeb10859b99a3c
COLLECT_GCC_OPTIONS='-mlongcalls' '-v' '-o' 'CMakeFiles/cmTC_7c374.dir/CMakeCXXCompilerABI.cpp.obj' '-c'
 /home/jernejn/.espressif/tools/xtensa-esp32-elf/1.22.0-80-g6c4433a-5.2.0/xtensa-esp32-elf/bin/../lib/gcc/xtensa-esp32-elf/5.2.0/../../../../xtensa-esp32-elf/bin/as --traditional-format --longcalls -o CMakeFiles/cmTC_7c374.dir/CMakeCXXCompilerABI.cpp.obj /tmp/ccrEW0ir.s
COMPILER_PATH=/home/jernejn/.espressif/tools/xtensa-esp32-elf/1.22.0-80-g6c4433a-5.2.0/xtensa-esp32-elf/bin/../libexec/gcc/xtensa-esp32-elf/5.2.0/:/home/jernejn/.espressif/tools/xtensa-esp32-elf/1.22.0-80-g6c4433a-5.2.0/xtensa-esp32-elf/bin/../libexec/gcc/:/home/jernejn/.espressif/tools/xtensa-esp32-elf/1.22.0-80-g6c4433a-5.2.0/xtensa-esp32-elf/bin/../lib/gcc/xtensa-esp32-elf/5.2.0/../../../../xtensa-esp32-elf/bin/
LIBRARY_PATH=/home/jernejn/.espressif/tools/xtensa-esp32-elf/1.22.0-80-g6c4433a-5.2.0/xtensa-esp32-elf/bin/../lib/gcc/xtensa-esp32-elf/5.2.0/:/home/jernejn/.espressif/tools/xtensa-esp32-elf/1.22.0-80-g6c4433a-5.2.0/xtensa-esp32-elf/bin/../lib/gcc/:/home/jernejn/.espressif/tools/xtensa-esp32-elf/1.22.0-80-g6c4433a-5.2.0/xtensa-esp32-elf/bin/../lib/gcc/xtensa-esp32-elf/5.2.0/../../../../xtensa-esp32-elf/lib/:/home/jernejn/.espressif/tools/xtensa-esp32-elf/1.22.0-80-g6c4433a-5.2.0/xtensa-esp32-elf/bin/../xtensa-esp32-elf/sysroot/lib/:/home/jernejn/.espressif/tools/xtensa-esp32-elf/1.22.0-80-g6c4433a-5.2.0/xtensa-esp32-elf/bin/../xtensa-esp32-elf/sysroot/usr/lib/
COLLECT_GCC_OPTIONS='-mlongcalls' '-v' '-o' 'CMakeFiles/cmTC_7c374.dir/CMakeCXXCompilerABI.cpp.obj' '-c'
[2/2] Linking CXX executable cmTC_7c374
Using built-in specs.
COLLECT_GCC=/home/jernejn/.espressif/tools/xtensa-esp32-elf/1.22.0-80-g6c4433a-5.2.0/xtensa-esp32-elf/bin/xtensa-esp32-elf-g++
COLLECT_LTO_WRAPPER=/home/jernejn/.espressif/tools/xtensa-esp32-elf/1.22.0-80-g6c4433a-5.2.0/xtensa-esp32-elf/bin/../libexec/gcc/xtensa-esp32-elf/5.2.0/lto-wrapper
Target: xtensa-esp32-elf
Configured with: /builds/idf/crosstool-NG/.build/src/gcc-5.2.0/configure --build=x86_64-build_pc-linux-gnu --host=x86_64-build_pc-linux-gnu --target=xtensa-esp32-elf --prefix=/builds/idf/crosstool-NG/builds/xtensa-esp32-elf --with-local-prefix=/builds/idf/crosstool-NG/builds/xtensa-esp32-elf/xtensa-esp32-elf/sysroot --with-sysroot=/builds/idf/crosstool-NG/builds/xtensa-esp32-elf/xtensa-esp32-elf/sysroot --with-newlib --enable-threads=no --disable-shared --with-pkgversion='crosstool-NG crosstool-ng-1.22.0-80-g6c4433a' --disable-__cxa_atexit --enable-cxx-flags='-fno-rtti -ffunction-sections' --with-gmp=/builds/idf/crosstool-NG/.build/xtensa-esp32-elf/buildtools --with-mpfr=/builds/idf/crosstool-NG/.build/xtensa-esp32-elf/buildtools --with-mpc=/builds/idf/crosstool-NG/.build/xtensa-esp32-elf/buildtools --with-isl=/builds/idf/crosstool-NG/.build/xtensa-esp32-elf/buildtools --with-cloog=/builds/idf/crosstool-NG/.build/xtensa-esp32-elf/buildtools --with-libelf=/builds/idf/crosstool-NG/.build/xtensa-esp32-elf/buildtools --enable-lto --enable-target-optspace --without-long-double-128 --disable-libgomp --disable-libmudflap --disable-libssp --disable-libquadmath --disable-libquadmath-support --disable-nls --enable-languages=c,c++ --disable-libstdcxx-verbose --enable-threads=posix --enable-gcov-custom-rtio
Thread model: posix
gcc version 5.2.0 (crosstool-NG crosstool-ng-1.22.0-80-g6c4433a) 
COMPILER_PATH=/home/jernejn/.espressif/tools/xtensa-esp32-elf/1.22.0-80-g6c4433a-5.2.0/xtensa-esp32-elf/bin/../libexec/gcc/xtensa-esp32-elf/5.2.0/:/home/jernejn/.espressif/tools/xtensa-esp32-elf/1.22.0-80-g6c4433a-5.2.0/xtensa-esp32-elf/bin/../libexec/gcc/:/home/jernejn/.espressif/tools/xtensa-esp32-elf/1.22.0-80-g6c4433a-5.2.0/xtensa-esp32-elf/bin/../lib/gcc/xtensa-esp32-elf/5.2.0/../../../../xtensa-esp32-elf/bin/
LIBRARY_PATH=/home/jernejn/.espressif/tools/xtensa-esp32-elf/1.22.0-80-g6c4433a-5.2.0/xtensa-esp32-elf/bin/../lib/gcc/xtensa-esp32-elf/5.2.0/:/home/jernejn/.espressif/tools/xtensa-esp32-elf/1.22.0-80-g6c4433a-5.2.0/xtensa-esp32-elf/bin/../lib/gcc/:/home/jernejn/.espressif/tools/xtensa-esp32-elf/1.22.0-80-g6c4433a-5.2.0/xtensa-esp32-elf/bin/../lib/gcc/xtensa-esp32-elf/5.2.0/../../../../xtensa-esp32-elf/lib/:/home/jernejn/.espressif/tools/xtensa-esp32-elf/1.22.0-80-g6c4433a-5.2.0/xtensa-esp32-elf/bin/../xtensa-esp32-elf/sysroot/lib/:/home/jernejn/.espressif/tools/xtensa-esp32-elf/1.22.0-80-g6c4433a-5.2.0/xtensa-esp32-elf/bin/../xtensa-esp32-elf/sysroot/usr/lib/
COLLECT_GCC_OPTIONS='-mlongcalls' '-nostdlib' '-v' '-o' 'cmTC_7c374'
 /home/jernejn/.espressif/tools/xtensa-esp32-elf/1.22.0-80-g6c4433a-5.2.0/xtensa-esp32-elf/bin/../libexec/gcc/xtensa-esp32-elf/5.2.0/collect2 -plugin /home/jernejn/.espressif/tools/xtensa-esp32-elf/1.22.0-80-g6c4433a-5.2.0/xtensa-esp32-elf/bin/../libexec/gcc/xtensa-esp32-elf/5.2.0/liblto_plugin.so -plugin-opt=/home/jernejn/.espressif/tools/xtensa-esp32-elf/1.22.0-80-g6c4433a-5.2.0/xtensa-esp32-elf/bin/../libexec/gcc/xtensa-esp32-elf/5.2.0/lto-wrapper -plugin-opt=-fresolution=/tmp/ccanM4o4.res --sysroot=/home/jernejn/.espressif/tools/xtensa-esp32-elf/1.22.0-80-g6c4433a-5.2.0/xtensa-esp32-elf/bin/../xtensa-esp32-elf/sysroot -o cmTC_7c374 -L/home/jernejn/.espressif/tools/xtensa-esp32-elf/1.22.0-80-g6c4433a-5.2.0/xtensa-esp32-elf/bin/../lib/gcc/xtensa-esp32-elf/5.2.0 -L/home/jernejn/.espressif/tools/xtensa-esp32-elf/1.22.0-80-g6c4433a-5.2.0/xtensa-esp32-elf/bin/../lib/gcc -L/home/jernejn/.espressif/tools/xtensa-esp32-elf/1.22.0-80-g6c4433a-5.2.0/xtensa-esp32-elf/bin/../lib/gcc/xtensa-esp32-elf/5.2.0/../../../../xtensa-esp32-elf/lib -L/home/jernejn/.espressif/tools/xtensa-esp32-elf/1.22.0-80-g6c4433a-5.2.0/xtensa-esp32-elf/bin/../xtensa-esp32-elf/sysroot/lib -L/home/jernejn/.espressif/tools/xtensa-esp32-elf/1.22.0-80-g6c4433a-5.2.0/xtensa-esp32-elf/bin/../xtensa-esp32-elf/sysroot/usr/lib CMakeFiles/cmTC_7c374.dir/CMakeCXXCompilerABI.cpp.obj
/home/jernejn/.espressif/tools/xtensa-esp32-elf/1.22.0-80-g6c4433a-5.2.0/xtensa-esp32-elf/bin/../lib/gcc/xtensa-esp32-elf/5.2.0/../../../../xtensa-esp32-elf/bin/ld: warning: cannot find entry symbol _start; defaulting to 0000000000400074



Parsed CXX implicit include dir info from above output: rv=done
  found start of include info
  found start of implicit include info
    add: [/home/jernejn/.espressif/tools/xtensa-esp32-elf/1.22.0-80-g6c4433a-5.2.0/xtensa-esp32-elf/bin/../lib/gcc/xtensa-esp32-elf/5.2.0/../../../../xtensa-esp32-elf/include/c++/5.2.0]
    add: [/home/jernejn/.espressif/tools/xtensa-esp32-elf/1.22.0-80-g6c4433a-5.2.0/xtensa-esp32-elf/bin/../lib/gcc/xtensa-esp32-elf/5.2.0/../../../../xtensa-esp32-elf/include/c++/5.2.0/xtensa-esp32-elf]
    add: [/home/jernejn/.espressif/tools/xtensa-esp32-elf/1.22.0-80-g6c4433a-5.2.0/xtensa-esp32-elf/bin/../lib/gcc/xtensa-esp32-elf/5.2.0/../../../../xtensa-esp32-elf/include/c++/5.2.0/backward]
    add: [/home/jernejn/.espressif/tools/xtensa-esp32-elf/1.22.0-80-g6c4433a-5.2.0/xtensa-esp32-elf/bin/../lib/gcc/xtensa-esp32-elf/5.2.0/include]
    add: [/home/jernejn/.espressif/tools/xtensa-esp32-elf/1.22.0-80-g6c4433a-5.2.0/xtensa-esp32-elf/bin/../lib/gcc/xtensa-esp32-elf/5.2.0/include-fixed]
    add: [/home/jernejn/.espressif/tools/xtensa-esp32-elf/1.22.0-80-g6c4433a-5.2.0/xtensa-esp32-elf/bin/../lib/gcc/xtensa-esp32-elf/5.2.0/../../../../xtensa-esp32-elf/include]
    add: [/home/jernejn/.espressif/tools/xtensa-esp32-elf/1.22.0-80-g6c4433a-5.2.0/xtensa-esp32-elf/bin/../xtensa-esp32-elf/sysroot/usr/include]
  end of search list found
  collapse include dir [/home/jernejn/.espressif/tools/xtensa-esp32-elf/1.22.0-80-g6c4433a-5.2.0/xtensa-esp32-elf/bin/../lib/gcc/xtensa-esp32-elf/5.2.0/../../../../xtensa-esp32-elf/include/c++/5.2.0] ==> [/home/jernejn/.espressif/tools/xtensa-esp32-elf/1.22.0-80-g6c4433a-5.2.0/xtensa-esp32-elf/xtensa-esp32-elf/include/c++/5.2.0]
  collapse include dir [/home/jernejn/.espressif/tools/xtensa-esp32-elf/1.22.0-80-g6c4433a-5.2.0/xtensa-esp32-elf/bin/../lib/gcc/xtensa-esp32-elf/5.2.0/../../../../xtensa-esp32-elf/include/c++/5.2.0/xtensa-esp32-elf] ==> [/home/jernejn/.espressif/tools/xtensa-esp32-elf/1.22.0-80-g6c4433a-5.2.0/xtensa-esp32-elf/xtensa-esp32-elf/include/c++/5.2.0/xtensa-esp32-elf]
  collapse include dir [/home/jernejn/.espressif/tools/xtensa-esp32-elf/1.22.0-80-g6c4433a-5.2.0/xtensa-esp32-elf/bin/../lib/gcc/xtensa-esp32-elf/5.2.0/../../../../xtensa-esp32-elf/include/c++/5.2.0/backward] ==> [/home/jernejn/.espressif/tools/xtensa-esp32-elf/1.22.0-80-g6c4433a-5.2.0/xtensa-esp32-elf/xtensa-esp32-elf/include/c++/5.2.0/backward]
  collapse include dir [/home/jernejn/.espressif/tools/xtensa-esp32-elf/1.22.0-80-g6c4433a-5.2.0/xtensa-esp32-elf/bin/../lib/gcc/xtensa-esp32-elf/5.2.0/include] ==> [/home/jernejn/.espressif/tools/xtensa-esp32-elf/1.22.0-80-g6c4433a-5.2.0/xtensa-esp32-elf/lib/gcc/xtensa-esp32-elf/5.2.0/include]
  collapse include dir [/home/jernejn/.espressif/tools/xtensa-esp32-elf/1.22.0-80-g6c4433a-5.2.0/xtensa-esp32-elf/bin/../lib/gcc/xtensa-esp32-elf/5.2.0/include-fixed] ==> [/home/jernejn/.espressif/tools/xtensa-esp32-elf/1.22.0-80-g6c4433a-5.2.0/xtensa-esp32-elf/lib/gcc/xtensa-esp32-elf/5.2.0/include-fixed]
  collapse include dir [/home/jernejn/.espressif/tools/xtensa-esp32-elf/1.22.0-80-g6c4433a-5.2.0/xtensa-esp32-elf/bin/../lib/gcc/xtensa-esp32-elf/5.2.0/../../../../xtensa-esp32-elf/include] ==> [/home/jernejn/.espressif/tools/xtensa-esp32-elf/1.22.0-80-g6c4433a-5.2.0/xtensa-esp32-elf/xtensa-esp32-elf/include]
  collapse include dir [/home/jernejn/.espressif/tools/xtensa-esp32-elf/1.22.0-80-g6c4433a-5.2.0/xtensa-esp32-elf/bin/../xtensa-esp32-elf/sysroot/usr/include] ==> [/home/jernejn/.espressif/tools/xtensa-esp32-elf/1.22.0-80-g6c4433a-5.2.0/xtensa-esp32-elf/xtensa-esp32-elf/sysroot/usr/include]
  implicit include dirs: [/home/jernejn/.espressif/tools/xtensa-esp32-elf/1.22.0-80-g6c4433a-5.2.0/xtensa-esp32-elf/xtensa-esp32-elf/include/c++/5.2.0;/home/jernejn/.espressif/tools/xtensa-esp32-elf/1.22.0-80-g6c4433a-5.2.0/xtensa-esp32-elf/xtensa-esp32-elf/include/c++/5.2.0/xtensa-esp32-elf;/home/jernejn/.espressif/tools/xtensa-esp32-elf/1.22.0-80-g6c4433a-5.2.0/xtensa-esp32-elf/xtensa-esp32-elf/include/c++/5.2.0/backward;/home/jernejn/.espressif/tools/xtensa-esp32-elf/1.22.0-80-g6c4433a-5.2.0/xtensa-esp32-elf/lib/gcc/xtensa-esp32-elf/5.2.0/include;/home/jernejn/.espressif/tools/xtensa-esp32-elf/1.22.0-80-g6c4433a-5.2.0/xtensa-esp32-elf/lib/gcc/xtensa-esp32-elf/5.2.0/include-fixed;/home/jernejn/.espressif/tools/xtensa-esp32-elf/1.22.0-80-g6c4433a-5.2.0/xtensa-esp32-elf/xtensa-esp32-elf/include;/home/jernejn/.espressif/tools/xtensa-esp32-elf/1.22.0-80-g6c4433a-5.2.0/xtensa-esp32-elf/xtensa-esp32-elf/sysroot/usr/include]


Parsed CXX implicit link information from above output:
  link line regex: [^( *|.*[/\])(xtensa-esp32-elf-ld|CMAKE_LINK_STARTFILE-NOTFOUND|([^/\]+-)?ld|collect2)[^/\]*( |$)]
  ignore line: [Change Dir: /home/jernejn/build/freertos_hello_world/build/bootloader/CMakeFiles/CMakeTmp]
  ignore line: []
  ignore line: [Run Build Command(s):/usr/bin/ninja cmTC_7c374 && [1/2] Building CXX object CMakeFiles/cmTC_7c374.dir/CMakeCXXCompilerABI.cpp.obj]
  ignore line: [Using built-in specs.]
  ignore line: [COLLECT_GCC=/home/jernejn/.espressif/tools/xtensa-esp32-elf/1.22.0-80-g6c4433a-5.2.0/xtensa-esp32-elf/bin/xtensa-esp32-elf-g++]
  ignore line: [Target: xtensa-esp32-elf]
  ignore line: [Configured with: /builds/idf/crosstool-NG/.build/src/gcc-5.2.0/configure --build=x86_64-build_pc-linux-gnu --host=x86_64-build_pc-linux-gnu --target=xtensa-esp32-elf --prefix=/builds/idf/crosstool-NG/builds/xtensa-esp32-elf --with-local-prefix=/builds/idf/crosstool-NG/builds/xtensa-esp32-elf/xtensa-esp32-elf/sysroot --with-sysroot=/builds/idf/crosstool-NG/builds/xtensa-esp32-elf/xtensa-esp32-elf/sysroot --with-newlib --enable-threads=no --disable-shared --with-pkgversion='crosstool-NG crosstool-ng-1.22.0-80-g6c4433a' --disable-__cxa_atexit --enable-cxx-flags='-fno-rtti -ffunction-sections' --with-gmp=/builds/idf/crosstool-NG/.build/xtensa-esp32-elf/buildtools --with-mpfr=/builds/idf/crosstool-NG/.build/xtensa-esp32-elf/buildtools --with-mpc=/builds/idf/crosstool-NG/.build/xtensa-esp32-elf/buildtools --with-isl=/builds/idf/crosstool-NG/.build/xtensa-esp32-elf/buildtools --with-cloog=/builds/idf/crosstool-NG/.build/xtensa-esp32-elf/buildtools --with-libelf=/builds/idf/crosstool-NG/.build/xtensa-esp32-elf/buildtools --enable-lto --enable-target-optspace --without-long-double-128 --disable-libgomp --disable-libmudflap --disable-libssp --disable-libquadmath --disable-libquadmath-support --disable-nls --enable-languages=c c++ --disable-libstdcxx-verbose --enable-threads=posix --enable-gcov-custom-rtio]
  ignore line: [Thread model: posix]
  ignore line: [gcc version 5.2.0 (crosstool-NG crosstool-ng-1.22.0-80-g6c4433a) ]
  ignore line: [COLLECT_GCC_OPTIONS='-mlongcalls' '-v' '-o' 'CMakeFiles/cmTC_7c374.dir/CMakeCXXCompilerABI.cpp.obj' '-c']
  ignore line: [ /home/jernejn/.espressif/tools/xtensa-esp32-elf/1.22.0-80-g6c4433a-5.2.0/xtensa-esp32-elf/bin/../libexec/gcc/xtensa-esp32-elf/5.2.0/cc1plus -quiet -v -iprefix /home/jernejn/.espressif/tools/xtensa-esp32-elf/1.22.0-80-g6c4433a-5.2.0/xtensa-esp32-elf/bin/../lib/gcc/xtensa-esp32-elf/5.2.0/ -isysroot /home/jernejn/.espressif/tools/xtensa-esp32-elf/1.22.0-80-g6c4433a-5.2.0/xtensa-esp32-elf/bin/../xtensa-esp32-elf/sysroot /usr/share/cmake-3.16/Modules/CMakeCXXCompilerABI.cpp -quiet -dumpbase CMakeCXXCompilerABI.cpp -mlongcalls -auxbase-strip CMakeFiles/cmTC_7c374.dir/CMakeCXXCompilerABI.cpp.obj -version -o /tmp/ccrEW0ir.s]
  ignore line: [GNU C++ (crosstool-NG crosstool-ng-1.22.0-80-g6c4433a) version 5.2.0 (xtensa-esp32-elf)]
  ignore line: [	compiled by GNU C version 4.9.2  GMP version 6.0.0  MPFR version 3.1.3  MPC version 1.0.3]
  ignore line: [GGC heuristics: --param ggc-min-expand=100 --param ggc-min-heapsize=131072]
  ignore line: [ignoring duplicate directory "/home/jernejn/.espressif/tools/xtensa-esp32-elf/1.22.0-80-g6c4433a-5.2.0/xtensa-esp32-elf/bin/../lib/gcc/../../lib/gcc/xtensa-esp32-elf/5.2.0/../../../../xtensa-esp32-elf/include/c++/5.2.0"]
  ignore line: [ignoring duplicate directory "/home/jernejn/.espressif/tools/xtensa-esp32-elf/1.22.0-80-g6c4433a-5.2.0/xtensa-esp32-elf/bin/../lib/gcc/../../lib/gcc/xtensa-esp32-elf/5.2.0/../../../../xtensa-esp32-elf/include/c++/5.2.0/xtensa-esp32-elf"]
  ignore line: [ignoring duplicate directory "/home/jernejn/.espressif/tools/xtensa-esp32-elf/1.22.0-80-g6c4433a-5.2.0/xtensa-esp32-elf/bin/../lib/gcc/../../lib/gcc/xtensa-esp32-elf/5.2.0/../../../../xtensa-esp32-elf/include/c++/5.2.0/backward"]
  ignore line: [ignoring duplicate directory "/home/jernejn/.espressif/tools/xtensa-esp32-elf/1.22.0-80-g6c4433a-5.2.0/xtensa-esp32-elf/bin/../lib/gcc/../../lib/gcc/xtensa-esp32-elf/5.2.0/include"]
  ignore line: [ignoring nonexistent directory "/home/jernejn/.espressif/tools/xtensa-esp32-elf/1.22.0-80-g6c4433a-5.2.0/xtensa-esp32-elf/bin/../xtensa-esp32-elf/sysroot/builds/idf/crosstool-NG/builds/xtensa-esp32-elf/xtensa-esp32-elf/sysroot/include"]
  ignore line: [ignoring duplicate directory "/home/jernejn/.espressif/tools/xtensa-esp32-elf/1.22.0-80-g6c4433a-5.2.0/xtensa-esp32-elf/bin/../lib/gcc/../../lib/gcc/xtensa-esp32-elf/5.2.0/include-fixed"]
  ignore line: [ignoring duplicate directory "/home/jernejn/.espressif/tools/xtensa-esp32-elf/1.22.0-80-g6c4433a-5.2.0/xtensa-esp32-elf/bin/../lib/gcc/../../lib/gcc/xtensa-esp32-elf/5.2.0/../../../../xtensa-esp32-elf/include"]
  ignore line: [#include "..." search starts here:]
  ignore line: [#include <...> search starts here:]
  ignore line: [ /home/jernejn/.espressif/tools/xtensa-esp32-elf/1.22.0-80-g6c4433a-5.2.0/xtensa-esp32-elf/bin/../lib/gcc/xtensa-esp32-elf/5.2.0/../../../../xtensa-esp32-elf/include/c++/5.2.0]
  ignore line: [ /home/jernejn/.espressif/tools/xtensa-esp32-elf/1.22.0-80-g6c4433a-5.2.0/xtensa-esp32-elf/bin/../lib/gcc/xtensa-esp32-elf/5.2.0/../../../../xtensa-esp32-elf/include/c++/5.2.0/xtensa-esp32-elf]
  ignore line: [ /home/jernejn/.espressif/tools/xtensa-esp32-elf/1.22.0-80-g6c4433a-5.2.0/xtensa-esp32-elf/bin/../lib/gcc/xtensa-esp32-elf/5.2.0/../../../../xtensa-esp32-elf/include/c++/5.2.0/backward]
  ignore line: [ /home/jernejn/.espressif/tools/xtensa-esp32-elf/1.22.0-80-g6c4433a-5.2.0/xtensa-esp32-elf/bin/../lib/gcc/xtensa-esp32-elf/5.2.0/include]
  ignore line: [ /home/jernejn/.espressif/tools/xtensa-esp32-elf/1.22.0-80-g6c4433a-5.2.0/xtensa-esp32-elf/bin/../lib/gcc/xtensa-esp32-elf/5.2.0/include-fixed]
  ignore line: [ /home/jernejn/.espressif/tools/xtensa-esp32-elf/1.22.0-80-g6c4433a-5.2.0/xtensa-esp32-elf/bin/../lib/gcc/xtensa-esp32-elf/5.2.0/../../../../xtensa-esp32-elf/include]
  ignore line: [ /home/jernejn/.espressif/tools/xtensa-esp32-elf/1.22.0-80-g6c4433a-5.2.0/xtensa-esp32-elf/bin/../xtensa-esp32-elf/sysroot/usr/include]
  ignore line: [End of search list.]
  ignore line: [GNU C++ (crosstool-NG crosstool-ng-1.22.0-80-g6c4433a) version 5.2.0 (xtensa-esp32-elf)]
  ignore line: [	compiled by GNU C version 4.9.2  GMP version 6.0.0  MPFR version 3.1.3  MPC version 1.0.3]
  ignore line: [GGC heuristics: --param ggc-min-expand=100 --param ggc-min-heapsize=131072]
  ignore line: [Compiler executable checksum: 54f8622c0ed50a6f9cdeb10859b99a3c]
  ignore line: [COLLECT_GCC_OPTIONS='-mlongcalls' '-v' '-o' 'CMakeFiles/cmTC_7c374.dir/CMakeCXXCompilerABI.cpp.obj' '-c']
  ignore line: [ /home/jernejn/.espressif/tools/xtensa-esp32-elf/1.22.0-80-g6c4433a-5.2.0/xtensa-esp32-elf/bin/../lib/gcc/xtensa-esp32-elf/5.2.0/../../../../xtensa-esp32-elf/bin/as --traditional-format --longcalls -o CMakeFiles/cmTC_7c374.dir/CMakeCXXCompilerABI.cpp.obj /tmp/ccrEW0ir.s]
  ignore line: [COMPILER_PATH=/home/jernejn/.espressif/tools/xtensa-esp32-elf/1.22.0-80-g6c4433a-5.2.0/xtensa-esp32-elf/bin/../libexec/gcc/xtensa-esp32-elf/5.2.0/:/home/jernejn/.espressif/tools/xtensa-esp32-elf/1.22.0-80-g6c4433a-5.2.0/xtensa-esp32-elf/bin/../libexec/gcc/:/home/jernejn/.espressif/tools/xtensa-esp32-elf/1.22.0-80-g6c4433a-5.2.0/xtensa-esp32-elf/bin/../lib/gcc/xtensa-esp32-elf/5.2.0/../../../../xtensa-esp32-elf/bin/]
  ignore line: [LIBRARY_PATH=/home/jernejn/.espressif/tools/xtensa-esp32-elf/1.22.0-80-g6c4433a-5.2.0/xtensa-esp32-elf/bin/../lib/gcc/xtensa-esp32-elf/5.2.0/:/home/jernejn/.espressif/tools/xtensa-esp32-elf/1.22.0-80-g6c4433a-5.2.0/xtensa-esp32-elf/bin/../lib/gcc/:/home/jernejn/.espressif/tools/xtensa-esp32-elf/1.22.0-80-g6c4433a-5.2.0/xtensa-esp32-elf/bin/../lib/gcc/xtensa-esp32-elf/5.2.0/../../../../xtensa-esp32-elf/lib/:/home/jernejn/.espressif/tools/xtensa-esp32-elf/1.22.0-80-g6c4433a-5.2.0/xtensa-esp32-elf/bin/../xtensa-esp32-elf/sysroot/lib/:/home/jernejn/.espressif/tools/xtensa-esp32-elf/1.22.0-80-g6c4433a-5.2.0/xtensa-esp32-elf/bin/../xtensa-esp32-elf/sysroot/usr/lib/]
  ignore line: [COLLECT_GCC_OPTIONS='-mlongcalls' '-v' '-o' 'CMakeFiles/cmTC_7c374.dir/CMakeCXXCompilerABI.cpp.obj' '-c']
  ignore line: [[2/2] Linking CXX executable cmTC_7c374]
  ignore line: [Using built-in specs.]
  ignore line: [COLLECT_GCC=/home/jernejn/.espressif/tools/xtensa-esp32-elf/1.22.0-80-g6c4433a-5.2.0/xtensa-esp32-elf/bin/xtensa-esp32-elf-g++]
  ignore line: [COLLECT_LTO_WRAPPER=/home/jernejn/.espressif/tools/xtensa-esp32-elf/1.22.0-80-g6c4433a-5.2.0/xtensa-esp32-elf/bin/../libexec/gcc/xtensa-esp32-elf/5.2.0/lto-wrapper]
  ignore line: [Target: xtensa-esp32-elf]
  ignore line: [Configured with: /builds/idf/crosstool-NG/.build/src/gcc-5.2.0/configure --build=x86_64-build_pc-linux-gnu --host=x86_64-build_pc-linux-gnu --target=xtensa-esp32-elf --prefix=/builds/idf/crosstool-NG/builds/xtensa-esp32-elf --with-local-prefix=/builds/idf/crosstool-NG/builds/xtensa-esp32-elf/xtensa-esp32-elf/sysroot --with-sysroot=/builds/idf/crosstool-NG/builds/xtensa-esp32-elf/xtensa-esp32-elf/sysroot --with-newlib --enable-threads=no --disable-shared --with-pkgversion='crosstool-NG crosstool-ng-1.22.0-80-g6c4433a' --disable-__cxa_atexit --enable-cxx-flags='-fno-rtti -ffunction-sections' --with-gmp=/builds/idf/crosstool-NG/.build/xtensa-esp32-elf/buildtools --with-mpfr=/builds/idf/crosstool-NG/.build/xtensa-esp32-elf/buildtools --with-mpc=/builds/idf/crosstool-NG/.build/xtensa-esp32-elf/buildtools --with-isl=/builds/idf/crosstool-NG/.build/xtensa-esp32-elf/buildtools --with-cloog=/builds/idf/crosstool-NG/.build/xtensa-esp32-elf/buildtools --with-libelf=/builds/idf/crosstool-NG/.build/xtensa-esp32-elf/buildtools --enable-lto --enable-target-optspace --without-long-double-128 --disable-libgomp --disable-libmudflap --disable-libssp --disable-libquadmath --disable-libquadmath-support --disable-nls --enable-languages=c c++ --disable-libstdcxx-verbose --enable-threads=posix --enable-gcov-custom-rtio]
  ignore line: [Thread model: posix]
  ignore line: [gcc version 5.2.0 (crosstool-NG crosstool-ng-1.22.0-80-g6c4433a) ]
  ignore line: [COMPILER_PATH=/home/jernejn/.espressif/tools/xtensa-esp32-elf/1.22.0-80-g6c4433a-5.2.0/xtensa-esp32-elf/bin/../libexec/gcc/xtensa-esp32-elf/5.2.0/:/home/jernejn/.espressif/tools/xtensa-esp32-elf/1.22.0-80-g6c4433a-5.2.0/xtensa-esp32-elf/bin/../libexec/gcc/:/home/jernejn/.espressif/tools/xtensa-esp32-elf/1.22.0-80-g6c4433a-5.2.0/xtensa-esp32-elf/bin/../lib/gcc/xtensa-esp32-elf/5.2.0/../../../../xtensa-esp32-elf/bin/]
  ignore line: [LIBRARY_PATH=/home/jernejn/.espressif/tools/xtensa-esp32-elf/1.22.0-80-g6c4433a-5.2.0/xtensa-esp32-elf/bin/../lib/gcc/xtensa-esp32-elf/5.2.0/:/home/jernejn/.espressif/tools/xtensa-esp32-elf/1.22.0-80-g6c4433a-5.2.0/xtensa-esp32-elf/bin/../lib/gcc/:/home/jernejn/.espressif/tools/xtensa-esp32-elf/1.22.0-80-g6c4433a-5.2.0/xtensa-esp32-elf/bin/../lib/gcc/xtensa-esp32-elf/5.2.0/../../../../xtensa-esp32-elf/lib/:/home/jernejn/.espressif/tools/xtensa-esp32-elf/1.22.0-80-g6c4433a-5.2.0/xtensa-esp32-elf/bin/../xtensa-esp32-elf/sysroot/lib/:/home/jernejn/.espressif/tools/xtensa-esp32-elf/1.22.0-80-g6c4433a-5.2.0/xtensa-esp32-elf/bin/../xtensa-esp32-elf/sysroot/usr/lib/]
  ignore line: [COLLECT_GCC_OPTIONS='-mlongcalls' '-nostdlib' '-v' '-o' 'cmTC_7c374']
  link line: [ /home/jernejn/.espressif/tools/xtensa-esp32-elf/1.22.0-80-g6c4433a-5.2.0/xtensa-esp32-elf/bin/../libexec/gcc/xtensa-esp32-elf/5.2.0/collect2 -plugin /home/jernejn/.espressif/tools/xtensa-esp32-elf/1.22.0-80-g6c4433a-5.2.0/xtensa-esp32-elf/bin/../libexec/gcc/xtensa-esp32-elf/5.2.0/liblto_plugin.so -plugin-opt=/home/jernejn/.espressif/tools/xtensa-esp32-elf/1.22.0-80-g6c4433a-5.2.0/xtensa-esp32-elf/bin/../libexec/gcc/xtensa-esp32-elf/5.2.0/lto-wrapper -plugin-opt=-fresolution=/tmp/ccanM4o4.res --sysroot=/home/jernejn/.espressif/tools/xtensa-esp32-elf/1.22.0-80-g6c4433a-5.2.0/xtensa-esp32-elf/bin/../xtensa-esp32-elf/sysroot -o cmTC_7c374 -L/home/jernejn/.espressif/tools/xtensa-esp32-elf/1.22.0-80-g6c4433a-5.2.0/xtensa-esp32-elf/bin/../lib/gcc/xtensa-esp32-elf/5.2.0 -L/home/jernejn/.espressif/tools/xtensa-esp32-elf/1.22.0-80-g6c4433a-5.2.0/xtensa-esp32-elf/bin/../lib/gcc -L/home/jernejn/.espressif/tools/xtensa-esp32-elf/1.22.0-80-g6c4433a-5.2.0/xtensa-esp32-elf/bin/../lib/gcc/xtensa-esp32-elf/5.2.0/../../../../xtensa-esp32-elf/lib -L/home/jernejn/.espressif/tools/xtensa-esp32-elf/1.22.0-80-g6c4433a-5.2.0/xtensa-esp32-elf/bin/../xtensa-esp32-elf/sysroot/lib -L/home/jernejn/.espressif/tools/xtensa-esp32-elf/1.22.0-80-g6c4433a-5.2.0/xtensa-esp32-elf/bin/../xtensa-esp32-elf/sysroot/usr/lib CMakeFiles/cmTC_7c374.dir/CMakeCXXCompilerABI.cpp.obj]
    arg [/home/jernejn/.espressif/tools/xtensa-esp32-elf/1.22.0-80-g6c4433a-5.2.0/xtensa-esp32-elf/bin/../libexec/gcc/xtensa-esp32-elf/5.2.0/collect2] ==> ignore
    arg [-plugin] ==> ignore
    arg [/home/jernejn/.espressif/tools/xtensa-esp32-elf/1.22.0-80-g6c4433a-5.2.0/xtensa-esp32-elf/bin/../libexec/gcc/xtensa-esp32-elf/5.2.0/liblto_plugin.so] ==> ignore
    arg [-plugin-opt=/home/jernejn/.espressif/tools/xtensa-esp32-elf/1.22.0-80-g6c4433a-5.2.0/xtensa-esp32-elf/bin/../libexec/gcc/xtensa-esp32-elf/5.2.0/lto-wrapper] ==> ignore
    arg [-plugin-opt=-fresolution=/tmp/ccanM4o4.res] ==> ignore
    arg [--sysroot=/home/jernejn/.espressif/tools/xtensa-esp32-elf/1.22.0-80-g6c4433a-5.2.0/xtensa-esp32-elf/bin/../xtensa-esp32-elf/sysroot] ==> ignore
    arg [-o] ==> ignore
    arg [cmTC_7c374] ==> ignore
    arg [-L/home/jernejn/.espressif/tools/xtensa-esp32-elf/1.22.0-80-g6c4433a-5.2.0/xtensa-esp32-elf/bin/../lib/gcc/xtensa-esp32-elf/5.2.0] ==> dir [/home/jernejn/.espressif/tools/xtensa-esp32-elf/1.22.0-80-g6c4433a-5.2.0/xtensa-esp32-elf/bin/../lib/gcc/xtensa-esp32-elf/5.2.0]
    arg [-L/home/jernejn/.espressif/tools/xtensa-esp32-elf/1.22.0-80-g6c4433a-5.2.0/xtensa-esp32-elf/bin/../lib/gcc] ==> dir [/home/jernejn/.espressif/tools/xtensa-esp32-elf/1.22.0-80-g6c4433a-5.2.0/xtensa-esp32-elf/bin/../lib/gcc]
    arg [-L/home/jernejn/.espressif/tools/xtensa-esp32-elf/1.22.0-80-g6c4433a-5.2.0/xtensa-esp32-elf/bin/../lib/gcc/xtensa-esp32-elf/5.2.0/../../../../xtensa-esp32-elf/lib] ==> dir [/home/jernejn/.espressif/tools/xtensa-esp32-elf/1.22.0-80-g6c4433a-5.2.0/xtensa-esp32-elf/bin/../lib/gcc/xtensa-esp32-elf/5.2.0/../../../../xtensa-esp32-elf/lib]
    arg [-L/home/jernejn/.espressif/tools/xtensa-esp32-elf/1.22.0-80-g6c4433a-5.2.0/xtensa-esp32-elf/bin/../xtensa-esp32-elf/sysroot/lib] ==> dir [/home/jernejn/.espressif/tools/xtensa-esp32-elf/1.22.0-80-g6c4433a-5.2.0/xtensa-esp32-elf/bin/../xtensa-esp32-elf/sysroot/lib]
    arg [-L/home/jernejn/.espressif/tools/xtensa-esp32-elf/1.22.0-80-g6c4433a-5.2.0/xtensa-esp32-elf/bin/../xtensa-esp32-elf/sysroot/usr/lib] ==> dir [/home/jernejn/.espressif/tools/xtensa-esp32-elf/1.22.0-80-g6c4433a-5.2.0/xtensa-esp32-elf/bin/../xtensa-esp32-elf/sysroot/usr/lib]
    arg [CMakeFiles/cmTC_7c374.dir/CMakeCXXCompilerABI.cpp.obj] ==> ignore
  collapse library dir [/home/jernejn/.espressif/tools/xtensa-esp32-elf/1.22.0-80-g6c4433a-5.2.0/xtensa-esp32-elf/bin/../lib/gcc/xtensa-esp32-elf/5.2.0] ==> [/home/jernejn/.espressif/tools/xtensa-esp32-elf/1.22.0-80-g6c4433a-5.2.0/xtensa-esp32-elf/lib/gcc/xtensa-esp32-elf/5.2.0]
  collapse library dir [/home/jernejn/.espressif/tools/xtensa-esp32-elf/1.22.0-80-g6c4433a-5.2.0/xtensa-esp32-elf/bin/../lib/gcc] ==> [/home/jernejn/.espressif/tools/xtensa-esp32-elf/1.22.0-80-g6c4433a-5.2.0/xtensa-esp32-elf/lib/gcc]
  collapse library dir [/home/jernejn/.espressif/tools/xtensa-esp32-elf/1.22.0-80-g6c4433a-5.2.0/xtensa-esp32-elf/bin/../lib/gcc/xtensa-esp32-elf/5.2.0/../../../../xtensa-esp32-elf/lib] ==> [/home/jernejn/.espressif/tools/xtensa-esp32-elf/1.22.0-80-g6c4433a-5.2.0/xtensa-esp32-elf/xtensa-esp32-elf/lib]
  collapse library dir [/home/jernejn/.espressif/tools/xtensa-esp32-elf/1.22.0-80-g6c4433a-5.2.0/xtensa-esp32-elf/bin/../xtensa-esp32-elf/sysroot/lib] ==> [/home/jernejn/.espressif/tools/xtensa-esp32-elf/1.22.0-80-g6c4433a-5.2.0/xtensa-esp32-elf/xtensa-esp32-elf/sysroot/lib]
  collapse library dir [/home/jernejn/.espressif/tools/xtensa-esp32-elf/1.22.0-80-g6c4433a-5.2.0/xtensa-esp32-elf/bin/../xtensa-esp32-elf/sysroot/usr/lib] ==> [/home/jernejn/.espressif/tools/xtensa-esp32-elf/1.22.0-80-g6c4433a-5.2.0/xtensa-esp32-elf/xtensa-esp32-elf/sysroot/usr/lib]
  implicit libs: []
  implicit dirs: [/home/jernejn/.espressif/tools/xtensa-esp32-elf/1.22.0-80-g6c4433a-5.2.0/xtensa-esp32-elf/lib/gcc/xtensa-esp32-elf/5.2.0;/home/jernejn/.espressif/tools/xtensa-esp32-elf/1.22.0-80-g6c4433a-5.2.0/xtensa-esp32-elf/lib/gcc;/home/jernejn/.espressif/tools/xtensa-esp32-elf/1.22.0-80-g6c4433a-5.2.0/xtensa-esp32-elf/xtensa-esp32-elf/lib;/home/jernejn/.espressif/tools/xtensa-esp32-elf/1.22.0-80-g6c4433a-5.2.0/xtensa-esp32-elf/xtensa-esp32-elf/sysroot/lib;/home/jernejn/.espressif/tools/xtensa-esp32-elf/1.22.0-80-g6c4433a-5.2.0/xtensa-esp32-elf/xtensa-esp32-elf/sysroot/usr/lib]
  implicit fwks: []


